<?xml version="1.0" encoding="UTF-8"?>
<testsuite name="com.deepcrystal2site.sbb.SbbApplicationTests" tests="1" skipped="0" failures="0" errors="0" timestamp="2024-07-23T07:53:32" hostname="DESKTOP-BS00VPF" time="0.621">
  <properties/>
  <testcase name="testJpa()" classname="com.deepcrystal2site.sbb.SbbApplicationTests" time="0.621"/>
  <system-out><![CDATA[16:53:26.153 [Test worker] INFO org.springframework.test.context.support.AnnotationConfigContextLoaderUtils -- Could not detect default configuration classes for test class [com.deepcrystal2site.sbb.SbbApplicationTests]: SbbApplicationTests does not declare any static, non-private, non-final, nested classes annotated with @Configuration.
16:53:26.296 [Test worker] INFO org.springframework.boot.test.context.SpringBootTestContextBootstrapper -- Found @SpringBootConfiguration com.deepcrystal2site.sbb.SbbApplication for test class com.deepcrystal2site.sbb.SbbApplicationTests

  .   ____          _            __ _ _
 /\\ / ___'_ __ _ _(_)_ __  __ _ \ \ \ \
( ( )\___ | '_ | '_| | '_ \/ _` | \ \ \ \
 \\/  ___)| |_)| | | | | || (_| |  ) ) ) )
  '  |____| .__|_| |_|_| |_\__, | / / / /
 =========|_|==============|___/=/_/_/_/

 :: Spring Boot ::                (v3.3.2)

2024-07-23T16:53:26.779+09:00  INFO 24572 --- [sbb] [    Test worker] c.d.sbb.SbbApplicationTests              : Starting SbbApplicationTests using Java 17.0.11 with PID 24572 (started by JUNYOUNG LEE in C:\Users\JUNYOUNG LEE\projects\sbb)
2024-07-23T16:53:26.780+09:00  INFO 24572 --- [sbb] [    Test worker] c.d.sbb.SbbApplicationTests              : No active profile set, falling back to 1 default profile: "default"
2024-07-23T16:53:27.606+09:00  INFO 24572 --- [sbb] [    Test worker] .s.d.r.c.RepositoryConfigurationDelegate : Bootstrapping Spring Data JPA repositories in DEFAULT mode.
2024-07-23T16:53:27.692+09:00  INFO 24572 --- [sbb] [    Test worker] .s.d.r.c.RepositoryConfigurationDelegate : Finished Spring Data repository scanning in 73 ms. Found 2 JPA repository interfaces.
2024-07-23T16:53:28.403+09:00  INFO 24572 --- [sbb] [    Test worker] o.hibernate.jpa.internal.util.LogHelper  : HHH000204: Processing PersistenceUnitInfo [name: default]
2024-07-23T16:53:28.498+09:00  INFO 24572 --- [sbb] [    Test worker] org.hibernate.Version                    : HHH000412: Hibernate ORM core version 6.5.2.Final
2024-07-23T16:53:28.553+09:00  INFO 24572 --- [sbb] [    Test worker] o.h.c.internal.RegionFactoryInitiator    : HHH000026: Second-level cache disabled
2024-07-23T16:53:28.984+09:00  INFO 24572 --- [sbb] [    Test worker] o.s.o.j.p.SpringPersistenceUnitInfo      : No LoadTimeWeaver setup: ignoring JPA class transformer
2024-07-23T16:53:29.027+09:00  INFO 24572 --- [sbb] [    Test worker] com.zaxxer.hikari.HikariDataSource       : HikariPool-1 - Starting...
2024-07-23T16:53:29.263+09:00  INFO 24572 --- [sbb] [    Test worker] com.zaxxer.hikari.pool.HikariPool        : HikariPool-1 - Added connection conn0: url=jdbc:h2:~/local user=SA
2024-07-23T16:53:29.264+09:00  INFO 24572 --- [sbb] [    Test worker] com.zaxxer.hikari.HikariDataSource       : HikariPool-1 - Start completed.
2024-07-23T16:53:29.289+09:00  WARN 24572 --- [sbb] [    Test worker] org.hibernate.orm.deprecation            : HHH90000025: H2Dialect does not need to be specified explicitly using 'hibernate.dialect' (remove the property setting and it will be selected by default)
2024-07-23T16:53:30.286+09:00  INFO 24572 --- [sbb] [    Test worker] o.h.e.t.j.p.i.JtaPlatformInitiator       : HHH000489: No JTA platform available (set 'hibernate.transaction.jta.platform' to enable JTA platform integration)
2024-07-23T16:53:30.345+09:00  INFO 24572 --- [sbb] [    Test worker] j.LocalContainerEntityManagerFactoryBean : Initialized JPA EntityManagerFactory for persistence unit 'default'
2024-07-23T16:53:30.539+09:00  WARN 24572 --- [sbb] [    Test worker] JpaBaseConfiguration$JpaWebConfiguration : spring.jpa.open-in-view is enabled by default. Therefore, database queries may be performed during view rendering. Explicitly configure spring.jpa.open-in-view to disable this warning
2024-07-23T16:53:31.942+09:00  INFO 24572 --- [sbb] [    Test worker] o.s.b.a.h2.H2ConsoleAutoConfiguration    : H2 console available at '/h2-console'. Database available at 'jdbc:h2:~/local'
2024-07-23T16:53:32.092+09:00  INFO 24572 --- [sbb] [    Test worker] c.d.sbb.SbbApplicationTests              : Started SbbApplicationTests in 5.571 seconds (process running for 6.935)
]]></system-out>
  <system-err><![CDATA[]]></system-err>
</testsuite>
